[INFO] Scanning for projects...
[INFO] ------------------------------------------------------------------------
[INFO] Reactor Build Order:
[INFO] 
[INFO] common-dependencies                                                [pom]
[INFO] common-parent                                                      [pom]
[INFO] common-component                                                   [jar]
[INFO] common-bom                                                         [pom]
[INFO] common-starter                                                     [pom]
[INFO] common-spring-boot-autoconfig                                      [jar]
[INFO] 
[INFO] ---------------< com.collaboportal:common-dependencies >----------------
[INFO] Building common-dependencies SNAPSHOT-1.0.0                        [1/6]
[INFO]   from common-dependencies/pom.xml
[INFO] --------------------------------[ pom ]---------------------------------
[INFO] 
[INFO] --- dependency:3.6.0:tree (default-cli) @ common-dependencies ---
[INFO] com.collaboportal:common-dependencies:pom:SNAPSHOT-1.0.0
[INFO] 
[INFO] ------------------< com.collaboportal:common-parent >-------------------
[INFO] Building common-parent SNAPSHOT-1.0.0                              [2/6]
[INFO]   from pom.xml
[INFO] --------------------------------[ pom ]---------------------------------
[INFO] 
[INFO] --- dependency:3.6.0:tree (default-cli) @ common-parent ---
[INFO] com.collaboportal:common-parent:pom:SNAPSHOT-1.0.0
[INFO] 
[INFO] -----------------< com.collaboportal:common-component >-----------------
[INFO] Building common-component SNAPSHOT-1.0.0                           [3/6]
[INFO]   from common-component/pom.xml
[INFO] --------------------------------[ jar ]---------------------------------
[INFO] 
[INFO] --- dependency:3.6.0:tree (default-cli) @ common-component ---
[INFO] com.collaboportal:common-component:jar:SNAPSHOT-1.0.0
[INFO] +- org.projectlombok:lombok:jar:1.18.30:compile
[INFO] +- org.slf4j:slf4j-api:jar:1.7.36:compile
[INFO] +- ch.qos.logback:logback-classic:jar:1.2.11:compile
[INFO] +- ch.qos.logback:logback-core:jar:1.2.11:compile
[INFO] +- org.apache.tomcat:tomcat-util:jar:9.0.54:compile
[INFO] |  \- org.apache.tomcat:tomcat-juli:jar:9.0.54:compile
[INFO] +- io.jsonwebtoken:jjwt-api:jar:0.11.5:compile
[INFO] +- io.jsonwebtoken:jjwt-impl:jar:0.11.5:runtime
[INFO] +- io.jsonwebtoken:jjwt-jackson:jar:0.11.5:runtime
[INFO] |  \- com.fasterxml.jackson.core:jackson-databind:jar:2.13.4.1:runtime
[INFO] |     +- com.fasterxml.jackson.core:jackson-annotations:jar:2.13.4:runtime
[INFO] |     \- com.fasterxml.jackson.core:jackson-core:jar:2.13.4:runtime
[INFO] \- org.json:json:jar:20210307:compile
[INFO] 
[INFO] --------------------< com.collaboportal:common-bom >--------------------
[INFO] Building common-bom SNAPSHOT-1.0.0                                 [4/6]
[INFO]   from common-bom/pom.xml
[INFO] --------------------------------[ pom ]---------------------------------
[INFO] 
[INFO] --- dependency:3.6.0:tree (default-cli) @ common-bom ---
[INFO] com.collaboportal:common-bom:pom:SNAPSHOT-1.0.0
[INFO] 
[INFO] ------------------< com.collaboportal:common-starter >------------------
[INFO] Building common-starter SNAPSHOT-1.0.0                             [5/6]
[INFO]   from common-starter/pom.xml
[INFO] --------------------------------[ pom ]---------------------------------
[INFO] 
[INFO] --- dependency:3.6.0:tree (default-cli) @ common-starter ---
[INFO] com.collaboportal:common-starter:pom:SNAPSHOT-1.0.0
[INFO] 
[INFO] ----------< com.collaboportal:common-spring-boot-autoconfig >-----------
[INFO] Building common-spring-boot-autoconfig SNAPSHOT-1.0.0              [6/6]
[INFO]   from common-starter/common-spring-boot-autoconfig/pom.xml
[INFO] --------------------------------[ jar ]---------------------------------
[INFO] 
[INFO] --- dependency:3.6.0:tree (default-cli) @ common-spring-boot-autoconfig ---
[INFO] com.collaboportal:common-spring-boot-autoconfig:jar:SNAPSHOT-1.0.0
[INFO] +- com.collaboportal:common-component:jar:SNAPSHOT-1.0.0:compile
[INFO] |  +- org.projectlombok:lombok:jar:1.18.30:compile
[INFO] |  +- org.slf4j:slf4j-api:jar:1.7.36:compile
[INFO] |  +- ch.qos.logback:logback-classic:jar:1.2.11:compile
[INFO] |  +- ch.qos.logback:logback-core:jar:1.2.11:compile
[INFO] |  +- org.apache.tomcat:tomcat-util:jar:9.0.54:compile
[INFO] |  |  \- org.apache.tomcat:tomcat-juli:jar:9.0.54:compile
[INFO] |  +- io.jsonwebtoken:jjwt-api:jar:0.11.5:compile
[INFO] |  +- io.jsonwebtoken:jjwt-impl:jar:0.11.5:runtime
[INFO] |  +- io.jsonwebtoken:jjwt-jackson:jar:0.11.5:runtime
[INFO] |  \- org.json:json:jar:20210307:compile
[INFO] +- org.springframework.boot:spring-boot-starter:jar:2.7.18:compile
[INFO] |  +- org.springframework.boot:spring-boot:jar:2.7.18:compile
[INFO] |  +- org.springframework.boot:spring-boot-autoconfigure:jar:2.7.18:compile
[INFO] |  +- org.springframework.boot:spring-boot-starter-logging:jar:2.7.18:compile
[INFO] |  |  +- org.apache.logging.log4j:log4j-to-slf4j:jar:2.17.2:compile
[INFO] |  |  |  \- org.apache.logging.log4j:log4j-api:jar:2.17.2:compile
[INFO] |  |  \- org.slf4j:jul-to-slf4j:jar:1.7.36:compile
[INFO] |  +- jakarta.annotation:jakarta.annotation-api:jar:1.3.5:compile
[INFO] |  +- org.springframework:spring-core:jar:5.3.31:compile
[INFO] |  |  \- org.springframework:spring-jcl:jar:5.3.31:compile
[INFO] |  \- org.yaml:snakeyaml:jar:1.30:compile
[INFO] +- org.springframework:spring-webmvc:jar:5.3.7:compile
[INFO] |  +- org.springframework:spring-aop:jar:5.3.7:compile
[INFO] |  +- org.springframework:spring-beans:jar:5.3.7:compile
[INFO] |  +- org.springframework:spring-context:jar:5.3.7:compile
[INFO] |  +- org.springframework:spring-expression:jar:5.3.7:compile
[INFO] |  \- org.springframework:spring-web:jar:5.3.27:compile
[INFO] +- com.fasterxml.jackson.core:jackson-databind:jar:2.13.4.1:compile
[INFO] |  +- com.fasterxml.jackson.core:jackson-annotations:jar:2.13.4:compile
[INFO] |  \- com.fasterxml.jackson.core:jackson-core:jar:2.13.4:compile
[INFO] \- org.springframework.boot:spring-boot-configuration-processor:jar:2.7.18:compile
[INFO] ------------------------------------------------------------------------
[INFO] Reactor Summary for common-parent SNAPSHOT-1.0.0:
[INFO] 
[INFO] common-dependencies ................................ SUCCESS [  0.583 s]
[INFO] common-parent ...................................... SUCCESS [  2.546 s]
[INFO] common-component ................................... SUCCESS [  0.579 s]
[INFO] common-bom ......................................... SUCCESS [  0.005 s]
[INFO] common-starter ..................................... SUCCESS [  0.005 s]
[INFO] common-spring-boot-autoconfig ...................... SUCCESS [  0.548 s]
[INFO] ------------------------------------------------------------------------
[INFO] BUILD SUCCESS
[INFO] ------------------------------------------------------------------------
[INFO] Total time:  4.590 s
[INFO] Finished at: 2025-04-08T07:03:29Z
[INFO] ------------------------------------------------------------------------
