date:2025-07-25 15:29:01	thread:background-preinit	X-Track:	level:INFO 	logger:org.hibernate.validator.internal.util.Version   	message:HV000001: Hibernate Validator ******.******.******.Final
date:2025-07-25 15:29:01	thread:main	X-Track:	level:INFO 	logger:com.collaboportal.shoho.ShohoApplication        	message:Starting ShohoApplication ******.******.****** using Java ******.******.****** with PID 70690 (/home/workspace/api/shoho/target/shoho.jar started by root in /home/workspace/api/shoho/target)
date:2025-07-25 15:29:02	thread:main	X-Track:	level:DEBUG	logger:com.collaboportal.shoho.ShohoApplication        	message:Running with Spring Boot ******.******.******, Spring ******.******.******
date:2025-07-25 15:29:02	thread:main	X-Track:	level:INFO 	logger:com.collaboportal.shoho.ShohoApplication        	message:No active profile set, falling back to 1 default profile: "default"
date:2025-07-25 15:29:03	thread:main	X-Track:	level:INFO 	logger:o.s.d.r.config.RepositoryConfigurationDelegate  	message:Multiple Spring Data modules found, entering strict repository configuration mode
date:2025-07-25 15:29:03	thread:main	X-Track:	level:INFO 	logger:o.s.d.r.config.RepositoryConfigurationDelegate  	message:Bootstrapping Spring Data JPA repositories in DEFAULT mode.
date:2025-07-25 15:29:03	thread:main	X-Track:	level:INFO 	logger:o.s.d.r.config.RepositoryConfigurationDelegate  	message:Finished Spring Data repository scanning in 16 ms. Found 0 JPA repository interfaces.
date:2025-07-25 15:29:03	thread:main	X-Track:	level:INFO 	logger:o.s.d.r.config.RepositoryConfigurationDelegate  	message:Multiple Spring Data modules found, entering strict repository configuration mode
date:2025-07-25 15:29:03	thread:main	X-Track:	level:INFO 	logger:o.s.d.r.config.RepositoryConfigurationDelegate  	message:Bootstrapping Spring Data Redis repositories in DEFAULT mode.
date:2025-07-25 15:29:03	thread:main	X-Track:	level:INFO 	logger:o.s.d.r.config.RepositoryConfigurationDelegate  	message:Finished Spring Data repository scanning in 1 ms. Found 0 Redis repository interfaces.
date:2025-07-25 15:29:04	thread:main	X-Track:	level:INFO 	logger:o.s.boot.web.embedded.tomcat.TomcatWebServer    	message:Tomcat initialized with port(s): 8080 (http)
date:2025-07-25 15:29:04	thread:main	X-Track:	level:INFO 	logger:org.apache.coyote.http11.Http11NioProtocol      	message:Initializing ProtocolHandler ["http-nio-8080"]
date:2025-07-25 15:29:04	thread:main	X-Track:	level:INFO 	logger:org.apache.catalina.core.StandardService        	message:Starting service [Tomcat]
date:2025-07-25 15:29:04	thread:main	X-Track:	level:INFO 	logger:org.apache.catalina.core.StandardEngine         	message:Starting Servlet engine: [Apache Tomcat/******.******.******]
date:2025-07-25 15:29:04	thread:main	X-Track:	level:INFO 	logger:o.a.c.c.ContainerBase.[Tomcat].[localhost].[/]  	message:Initializing Spring embedded WebApplicationContext
date:2025-07-25 15:29:04	thread:main	X-Track:	level:INFO 	logger:o.s.b.w.s.c.ServletWebServerApplicationContext  	message:Root WebApplicationContext: initialization completed in 2360 ms
date:2025-07-25 15:29:04	thread:main	X-Track:	level:WARN 	logger:c.c.common.config.CommonConfigFactory           	message:環境変数INDEX_PAGEが見つかりません
date:2025-07-25 15:29:04	thread:main	X-Track:	level:INFO 	logger:c.c.common.spring.common.CommonAuthConfiguration	message:AuthServletFilter registered with URL pattern '/*' and order 1.
date:2025-07-25 15:29:04	thread:main	X-Track:	level:INFO 	logger:com.zaxxer.hikari.HikariDataSource              	message:syohomoto-app-api-local - Starting...
date:2025-07-25 15:29:05	thread:main	X-Track:	level:INFO 	logger:com.zaxxer.hikari.pool.HikariPool               	message:syohomoto-app-api-local - Added connection ConnectionID:1 ClientConnectionId: bcf7cc38-1f88-49a1-b2de-c0426dc63e65
date:2025-07-25 15:29:05	thread:main	X-Track:	level:INFO 	logger:com.zaxxer.hikari.HikariDataSource              	message:syohomoto-app-api-local - Start completed.
date:2025-07-25 15:29:05	thread:main	X-Track:	level:INFO 	logger:org.hibernate.jpa.internal.util.LogHelper       	message:HHH000204: Processing PersistenceUnitInfo [name: default]
date:2025-07-25 15:29:05	thread:main	X-Track:	level:INFO 	logger:org.hibernate.Version                           	message:HHH000412: Hibernate ORM core version ******.******.******.Final
date:2025-07-25 15:29:05	thread:main	X-Track:	level:WARN 	logger:org.hibernate.orm.deprecation                   	message:HHH90000021: Encountered deprecated setting [javax.pe......redCache.mode], use [jakarta.......redCache.mode] instead
date:2025-07-25 15:29:05	thread:main	X-Track:	level:INFO 	logger:SQL dialect                                     	message:HHH000400: Using dialect: org.hibe.......dialect.SQLServerDialect
date:2025-07-25 15:29:06	thread:main	X-Track:	level:INFO 	logger:o.h.e.t.j.platform.internal.JtaPlatformInitiator	message:HHH000490: Using JtaPlatform implementation: [org.hibe......e.engine.transact......platform.internal.NoJtaPlatform]
date:2025-07-25 15:29:06	thread:main	X-Track:	level:INFO 	logger:o.s.o.jpa.LocalContainerEntityManagerFactoryBean	message:Initialized JPA EntityManagerFactory for persistence unit 'default'
date:2025-07-25 15:29:06	thread:main	X-Track:	level:DEBUG	logger:c.c.c.oauth2.processor.impl.AuthProcessorImpl   	message:Er28W5rtv9Uqqyld7kcC6BoONiPSA1Eh
date:2025-07-25 15:29:06	thread:main	X-Track:	level:DEBUG	logger:c.c.c.oauth2.processor.impl.AuthProcessorImpl   	message:ki6p8tK3ET2wZ8ZHvVyEYfxSVpYy1YqRQXr2x2VNX3pYGSSKCtpvVtNwlbMsLuMu
date:2025-07-25 15:29:06	thread:main	X-Track:	level:DEBUG	logger:c.c.c.s.oauth2.OAuth2StrategyAutoConfiguration  	message:OAuth2 策略自動配置初始化完成
date:2025-07-25 15:29:06	thread:main	X-Track:	level:DEBUG	logger:c.c.c.s.oauth2.OAuth2StrategyAutoConfiguration  	message:註冊 LoginStrategyRegistry Bean
date:2025-07-25 15:29:06	thread:main	X-Track:	level:DEBUG	logger:c.c.common.oauth2.registry.LoginStrategyRegistry	message:LoginStrategyRegistryの初期化が完了しました
date:2025-07-25 15:29:06	thread:main	X-Track:	level:DEBUG	logger:c.c.c.oauth2.controller.AuthorizationController 	message:AuthorizationControllerの初期化が完了し、リクエストの監視を開始しました
date:2025-07-25 15:29:06	thread:main	X-Track:	level:INFO 	logger:c.c.c.o.factory.OAuth2ClientRegistrationFactory 	message:OAuth2クライアント登録ファクトリー初期化開始、プロバイダー数: 1
date:2025-07-25 15:29:06	thread:main	X-Track:	level:INFO 	logger:c.c.c.o.factory.OAuth2ClientRegistrationFactory 	message:OAuth2クライアント登録の作成に成功: provider1 - 測試環境
date:2025-07-25 15:29:06	thread:main	X-Track:	level:INFO 	logger:c.c.c.o.factory.OAuth2ClientRegistrationFactory 	message:OAuth2クライアント登録ファクトリー初期化完了、登録成功プロバイダー: [provider1]
date:2025-07-25 15:29:06	thread:main	X-Track:	level:INFO 	logger:c.c.common.jwt.controller.HealthCheckController 	message:HealthCheckControllerの初期化が完了しました
date:2025-07-25 15:29:06	thread:main	X-Track:	level:WARN 	logger:o.s.b.a.o.j.JpaBaseConfiguration$JpaWebConfiguration	message:spring.j......-in-view is enabled by default. Therefore, database queries may be performed during view rendering. Explicitly configure spring.j......-in-view to disable this warning
date:2025-07-25 15:29:07	thread:main	X-Track:	level:INFO 	logger:com.collaboportal.common.spring.ContextRegister 	message:CommonContextForSpringInJakartaServletを取得します
date:2025-07-25 15:29:07	thread:main	X-Track:	level:INFO 	logger:c.c.common.strategy.ExceptionHandlingStrategy   	message:例外処理設定を開始します
date:2025-07-25 15:29:07	thread:main	X-Track:	level:INFO 	logger:c.c.common.strategy.ExceptionHandlingStrategy   	message:例外処理設定が完了しました
date:2025-07-25 15:29:07	thread:main	X-Track:	level:INFO 	logger:o.s.security.web.DefaultSecurityFilterChain     	message:Will secure any request with [org.spri......security.web.sess......rlFilter@25673087, org.spri......security.web.cont.......request.async.WebAsyncManagerIntegrationFilter@7b27e8f4, org.spri......security.web.cont......erFilter@440e3ce6, org.spri......security.web.head......erFilter@4b039c6d, org.spri......security.web.auth......n.logout.LogoutFilter@7bab5898, org.spri......security.web.save......reFilter@fd53053, org.spri......security.web.serv......stFilter@707b1a44, org.spri......security.web.auth......onFilter@348ad293, org.spri......security.web.sess......ntFilter@71c17a57, org.spri......security.web.acce......onFilter@80bfa9d, org.spri......security.web.acce......ntercept.AuthorizationFilter@f4a3a8d]
date:2025-07-25 15:29:07	thread:main	X-Track:	level:DEBUG	logger:c.c.c.s.oauth2.OAuth2ControllerAutoConfiguration	message:OAuth2 コントローラー自動設定の初期化が完了しました
date:2025-07-25 15:29:07	thread:main	X-Track:	level:DEBUG	logger:c.c.c.spring.oauth2.OAuth2CoreAutoConfiguration 	message:OAuth2 コア自動設定の初期化が完了しました
date:2025-07-25 15:29:07	thread:main	X-Track:	level:DEBUG	logger:c.c.c.spring.oauth2.OAuth2CoreAutoConfiguration 	message:UserInfoServiceFactory を初期化します
date:2025-07-25 15:29:07	thread:main	X-Track:	level:DEBUG	logger:c.c.c.s.oauth2.OAuth2FilterAutoConfiguration    	message:OAuth2 フィルター自動設定の初期化が完了しました
date:2025-07-25 15:29:07	thread:main	X-Track:	level:DEBUG	logger:c.c.c.s.oauth2.OAuth2FilterAutoConfiguration    	message:JwtValidationTemplate Bean を登録します
date:2025-07-25 15:29:07	thread:main	X-Track:	level:DEBUG	logger:c.c.c.oauth2.registry.JwtTokenStrategyRegistry  	message:JwtTokenStrategyRegistryの初期化が完了しました
date:2025-07-25 15:29:07	thread:main	X-Track:	level:DEBUG	logger:c.c.c.oauth2.registry.JwtTokenStrategyRegistry  	message:[JWTストラテジー登録] 新しいストラテジーを登録します。キー: header
date:2025-07-25 15:29:07	thread:main	X-Track:	level:INFO 	logger:c.c.c.oauth2.registry.JwtTokenStrategyRegistry  	message:[JWTストラテジー登録] ストラテジーの登録が正常に完了しました。キー: header
date:2025-07-25 15:29:07	thread:main	X-Track:	level:DEBUG	logger:c.c.c.oauth2.registry.JwtTokenStrategyRegistry  	message:[JWTストラテジー登録] 新しいストラテジーを登録します。キー: cookie
date:2025-07-25 15:29:07	thread:main	X-Track:	level:INFO 	logger:c.c.c.oauth2.registry.JwtTokenStrategyRegistry  	message:[JWTストラテジー登録] ストラテジーの登録が正常に完了しました。キー: cookie
date:2025-07-25 15:29:07	thread:main	X-Track:	level:DEBUG	logger:c.c.c.oauth2.template.ext.JwtValidationTemplate 	message:デフォルトのトークン抽出ストラテジーを登録しました: header, cookie
date:2025-07-25 15:29:07	thread:main	X-Track:	level:DEBUG	logger:c.c.c.oauth2.template.ext.JwtValidationTemplate 	message:JwtValidationPreHandlerの初期化が完了しました。JwtTokenUtilを注入しました
date:2025-07-25 15:29:07	thread:main	X-Track:	level:DEBUG	logger:c.c.c.s.oauth2.OAuth2FilterAutoConfiguration    	message:JwtValidationChain Bean を登録します
date:2025-07-25 15:29:07	thread:main	X-Track:	level:DEBUG	logger:c.c.c.s.oauth2.OAuth2StrategyAutoConfiguration  	message:註冊 JwtTokenStrategyRegistry Bean
date:2025-07-25 15:29:07	thread:main	X-Track:	level:DEBUG	logger:c.c.c.oauth2.registry.JwtTokenStrategyRegistry  	message:JwtTokenStrategyRegistryの初期化が完了しました
date:2025-07-25 15:29:07	thread:main	X-Track:	level:DEBUG	logger:c.c.c.s.oauth2.OAuth2StrategyAutoConfiguration  	message:註冊 CallbackLoginTemplate Bean
date:2025-07-25 15:29:07	thread:main	X-Track:	level:INFO 	logger:c.c.c.oauth2.template.ext.CallbackLoginTemplate 	message:ログインストラテジーの初期化を開始します
date:2025-07-25 15:29:07	thread:main	X-Track:	level:DEBUG	logger:c.c.common.oauth2.registry.LoginStrategyRegistry	message:[ログインストラテジー登録] 新しいストラテジーを登録します。キー: test
date:2025-07-25 15:29:07	thread:main	X-Track:	level:INFO 	logger:c.c.common.oauth2.registry.LoginStrategyRegistry	message:[ログインストラテジー登録] ストラテジーの登録が正常に完了しました。キー: test
date:2025-07-25 15:29:07	thread:main	X-Track:	level:DEBUG	logger:c.c.common.oauth2.registry.LoginStrategyRegistry	message:[ログインストラテジー登録] 新しいストラテジーを登録します。キー: prod
date:2025-07-25 15:29:07	thread:main	X-Track:	level:INFO 	logger:c.c.common.oauth2.registry.LoginStrategyRegistry	message:[ログインストラテジー登録] ストラテジーの登録が正常に完了しました。キー: prod
date:2025-07-25 15:29:07	thread:main	X-Track:	level:INFO 	logger:c.c.c.oauth2.template.ext.CallbackLoginTemplate 	message:ログインストラテジーの初期化が完了しました
date:2025-07-25 15:29:08	thread:main	X-Track:	level:INFO 	logger:org.apache.coyote.http11.Http11NioProtocol      	message:Starting ProtocolHandler ["http-nio-8080"]
date:2025-07-25 15:29:08	thread:main	X-Track:	level:INFO 	logger:o.s.boot.web.embedded.tomcat.TomcatWebServer    	message:Tomcat started on port(s): 8080 (http) with context path ''
date:2025-07-25 15:29:08	thread:main	X-Track:	level:INFO 	logger:com.collaboportal.shoho.ShohoApplication        	message:Started ShohoApplication in 7.583 seconds (process running for 8.302)
date:2025-07-25 15:29:46	thread:http-nio-8080-exec-1	X-Track:	level:INFO 	logger:o.a.c.c.ContainerBase.[Tomcat].[localhost].[/]  	message:Initializing Spring DispatcherServlet 'dispatcherServlet'
date:2025-07-25 15:29:46	thread:http-nio-8080-exec-1	X-Track:	level:INFO 	logger:o.springframework.web.servlet.DispatcherServlet 	message:Initializing Servlet 'dispatcherServlet'
date:2025-07-25 15:29:46	thread:http-nio-8080-exec-1	X-Track:	level:INFO 	logger:o.springframework.web.servlet.DispatcherServlet 	message:Completed initialization in 2 ms
date:2025-07-25 15:29:46	thread:http-nio-8080-exec-1	X-Track:	level:INFO 	logger:c.c.c.spring.ContextForSpringInJakartaServlet   	message:このコンテキストが有効かどうかを判定します
date:2025-07-25 15:29:46	thread:http-nio-8080-exec-1	X-Track:	level:INFO 	logger:c.c.c.spring.ContextForSpringInJakartaServlet   	message:リクエストラッパーオブジェクトを取得します
date:2025-07-25 15:29:46	thread:http-nio-8080-exec-1	X-Track:	level:INFO 	logger:c.c.c.spring.ContextForSpringInJakartaServlet   	message:このコンテキストが有効かどうかを判定します
date:2025-07-25 15:29:46	thread:http-nio-8080-exec-1	X-Track:	level:INFO 	logger:c.c.c.spring.ContextForSpringInJakartaServlet   	message:レスポンスラッパーオブジェクトを取得します
date:2025-07-25 15:29:46	thread:http-nio-8080-exec-1	X-Track:	level:INFO 	logger:c.c.common.controller.CustomErrorController     	message:=== CustomErrorController.handleError が呼び出されました ===
date:2025-07-25 15:29:46	thread:http-nio-8080-exec-1	X-Track:	level:INFO 	logger:c.c.common.controller.CustomErrorController     	message:リソースが見つかりません。ステータスコード: 404, 例外: null
date:2025-07-25 15:29:46	thread:http-nio-8080-exec-2	X-Track:	level:INFO 	logger:c.c.c.spring.ContextForSpringInJakartaServlet   	message:このコンテキストが有効かどうかを判定します
date:2025-07-25 15:29:46	thread:http-nio-8080-exec-2	X-Track:	level:INFO 	logger:c.c.c.spring.ContextForSpringInJakartaServlet   	message:リクエストラッパーオブジェクトを取得します
date:2025-07-25 15:29:46	thread:http-nio-8080-exec-2	X-Track:	level:INFO 	logger:c.c.c.spring.ContextForSpringInJakartaServlet   	message:このコンテキストが有効かどうかを判定します
date:2025-07-25 15:29:46	thread:http-nio-8080-exec-2	X-Track:	level:INFO 	logger:c.c.c.spring.ContextForSpringInJakartaServlet   	message:レスポンスラッパーオブジェクトを取得します
date:2025-07-25 15:29:46	thread:http-nio-8080-exec-2	X-Track:	level:INFO 	logger:c.c.common.controller.CustomErrorController     	message:=== CustomErrorController.handleError が呼び出されました ===
date:2025-07-25 15:29:46	thread:http-nio-8080-exec-2	X-Track:	level:INFO 	logger:c.c.common.controller.CustomErrorController     	message:リソースが見つかりません。ステータスコード: 404, 例外: null
date:2025-07-25 15:29:47	thread:http-nio-8080-exec-3	X-Track:	level:INFO 	logger:c.c.c.spring.ContextForSpringInJakartaServlet   	message:このコンテキストが有効かどうかを判定します
date:2025-07-25 15:29:47	thread:http-nio-8080-exec-3	X-Track:	level:INFO 	logger:c.c.c.spring.ContextForSpringInJakartaServlet   	message:リクエストラッパーオブジェクトを取得します
date:2025-07-25 15:29:47	thread:http-nio-8080-exec-3	X-Track:	level:INFO 	logger:c.c.c.spring.ContextForSpringInJakartaServlet   	message:このコンテキストが有効かどうかを判定します
date:2025-07-25 15:29:47	thread:http-nio-8080-exec-3	X-Track:	level:INFO 	logger:c.c.c.spring.ContextForSpringInJakartaServlet   	message:レスポンスラッパーオブジェクトを取得します
date:2025-07-25 15:29:47	thread:http-nio-8080-exec-3	X-Track:	level:INFO 	logger:c.c.common.controller.CustomErrorController     	message:=== CustomErrorController.handleError が呼び出されました ===
date:2025-07-25 15:29:47	thread:http-nio-8080-exec-3	X-Track:	level:INFO 	logger:c.c.common.controller.CustomErrorController     	message:リソースが見つかりません。ステータスコード: 404, 例外: null
date:2025-07-25 15:39:28	thread:http-nio-8080-exec-7	X-Track:	level:INFO 	logger:c.c.c.spring.ContextForSpringInJakartaServlet   	message:このコンテキストが有効かどうかを判定します
date:2025-07-25 15:39:28	thread:http-nio-8080-exec-7	X-Track:	level:INFO 	logger:c.c.c.spring.ContextForSpringInJakartaServlet   	message:リクエストラッパーオブジェクトを取得します
date:2025-07-25 15:39:28	thread:http-nio-8080-exec-7	X-Track:	level:INFO 	logger:c.c.c.spring.ContextForSpringInJakartaServlet   	message:このコンテキストが有効かどうかを判定します
date:2025-07-25 15:39:28	thread:http-nio-8080-exec-7	X-Track:	level:INFO 	logger:c.c.c.spring.ContextForSpringInJakartaServlet   	message:レスポンスラッパーオブジェクトを取得します
date:2025-07-25 15:39:28	thread:http-nio-8080-exec-7	X-Track:	level:INFO 	logger:c.c.c.spring.strategy.auth.OAuth2AuthStrategy   	message:Auth_Token is missing or invalid. Redirecting to OAuth2 provider.
date:2025-07-25 15:40:15	thread:http-nio-8080-exec-8	X-Track:	level:INFO 	logger:c.c.c.spring.ContextForSpringInJakartaServlet   	message:このコンテキストが有効かどうかを判定します
date:2025-07-25 15:40:15	thread:http-nio-8080-exec-8	X-Track:	level:INFO 	logger:c.c.c.spring.ContextForSpringInJakartaServlet   	message:リクエストラッパーオブジェクトを取得します
date:2025-07-25 15:40:15	thread:http-nio-8080-exec-8	X-Track:	level:INFO 	logger:c.c.c.spring.ContextForSpringInJakartaServlet   	message:このコンテキストが有効かどうかを判定します
date:2025-07-25 15:40:15	thread:http-nio-8080-exec-8	X-Track:	level:INFO 	logger:c.c.c.spring.ContextForSpringInJakartaServlet   	message:レスポンスラッパーオブジェクトを取得します
date:2025-07-25 15:40:15	thread:http-nio-8080-exec-8	X-Track:	level:INFO 	logger:c.c.c.spring.strategy.auth.DatabaseAuthStrategy 	message:Auth_Token not found in cookie. Redirecting to login page.
date:2025-07-25 15:40:15	thread:http-nio-8080-exec-9	X-Track:	level:INFO 	logger:c.c.c.spring.ContextForSpringInJakartaServlet   	message:このコンテキストが有効かどうかを判定します
date:2025-07-25 15:40:15	thread:http-nio-8080-exec-9	X-Track:	level:INFO 	logger:c.c.c.spring.ContextForSpringInJakartaServlet   	message:リクエストラッパーオブジェクトを取得します
date:2025-07-25 15:40:15	thread:http-nio-8080-exec-9	X-Track:	level:INFO 	logger:c.c.c.spring.ContextForSpringInJakartaServlet   	message:このコンテキストが有効かどうかを判定します
date:2025-07-25 15:40:15	thread:http-nio-8080-exec-9	X-Track:	level:INFO 	logger:c.c.c.spring.ContextForSpringInJakartaServlet   	message:レスポンスラッパーオブジェクトを取得します
date:2025-07-25 15:40:15	thread:http-nio-8080-exec-9	X-Track:	level:INFO 	logger:c.c.c.spring.strategy.auth.DatabaseAuthStrategy 	message:Auth_Token not found in cookie. Redirecting to login page.
date:2025-07-25 15:40:15	thread:http-nio-8080-exec-10	X-Track:	level:INFO 	logger:c.c.c.spring.ContextForSpringInJakartaServlet   	message:このコンテキストが有効かどうかを判定します
date:2025-07-25 15:40:15	thread:http-nio-8080-exec-10	X-Track:	level:INFO 	logger:c.c.c.spring.ContextForSpringInJakartaServlet   	message:リクエストラッパーオブジェクトを取得します
date:2025-07-25 15:40:15	thread:http-nio-8080-exec-10	X-Track:	level:INFO 	logger:c.c.c.spring.ContextForSpringInJakartaServlet   	message:このコンテキストが有効かどうかを判定します
date:2025-07-25 15:40:15	thread:http-nio-8080-exec-10	X-Track:	level:INFO 	logger:c.c.c.spring.ContextForSpringInJakartaServlet   	message:レスポンスラッパーオブジェクトを取得します
date:2025-07-25 15:40:15	thread:http-nio-8080-exec-10	X-Track:	level:INFO 	logger:c.c.c.spring.strategy.auth.DatabaseAuthStrategy 	message:Auth_Token not found in cookie. Redirecting to login page.
date:2025-07-25 15:40:15	thread:http-nio-8080-exec-1	X-Track:	level:INFO 	logger:c.c.c.spring.ContextForSpringInJakartaServlet   	message:このコンテキストが有効かどうかを判定します
date:2025-07-25 15:40:15	thread:http-nio-8080-exec-1	X-Track:	level:INFO 	logger:c.c.c.spring.ContextForSpringInJakartaServlet   	message:リクエストラッパーオブジェクトを取得します
date:2025-07-25 15:40:15	thread:http-nio-8080-exec-1	X-Track:	level:INFO 	logger:c.c.c.spring.ContextForSpringInJakartaServlet   	message:このコンテキストが有効かどうかを判定します
date:2025-07-25 15:40:15	thread:http-nio-8080-exec-1	X-Track:	level:INFO 	logger:c.c.c.spring.ContextForSpringInJakartaServlet   	message:レスポンスラッパーオブジェクトを取得します
date:2025-07-25 15:40:15	thread:http-nio-8080-exec-1	X-Track:	level:INFO 	logger:c.c.c.spring.strategy.auth.DatabaseAuthStrategy 	message:Auth_Token not found in cookie. Redirecting to login page.
date:2025-07-25 15:40:15	thread:http-nio-8080-exec-2	X-Track:	level:INFO 	logger:c.c.c.spring.ContextForSpringInJakartaServlet   	message:このコンテキストが有効かどうかを判定します
date:2025-07-25 15:40:15	thread:http-nio-8080-exec-2	X-Track:	level:INFO 	logger:c.c.c.spring.ContextForSpringInJakartaServlet   	message:リクエストラッパーオブジェクトを取得します
date:2025-07-25 15:40:15	thread:http-nio-8080-exec-2	X-Track:	level:INFO 	logger:c.c.c.spring.ContextForSpringInJakartaServlet   	message:このコンテキストが有効かどうかを判定します
date:2025-07-25 15:40:15	thread:http-nio-8080-exec-2	X-Track:	level:INFO 	logger:c.c.c.spring.ContextForSpringInJakartaServlet   	message:レスポンスラッパーオブジェクトを取得します
date:2025-07-25 15:40:15	thread:http-nio-8080-exec-2	X-Track:	level:INFO 	logger:c.c.c.spring.strategy.auth.DatabaseAuthStrategy 	message:Auth_Token not found in cookie. Redirecting to login page.
date:2025-07-25 15:40:15	thread:http-nio-8080-exec-3	X-Track:	level:INFO 	logger:c.c.c.spring.ContextForSpringInJakartaServlet   	message:このコンテキストが有効かどうかを判定します
date:2025-07-25 15:40:15	thread:http-nio-8080-exec-3	X-Track:	level:INFO 	logger:c.c.c.spring.ContextForSpringInJakartaServlet   	message:リクエストラッパーオブジェクトを取得します
date:2025-07-25 15:40:15	thread:http-nio-8080-exec-3	X-Track:	level:INFO 	logger:c.c.c.spring.ContextForSpringInJakartaServlet   	message:このコンテキストが有効かどうかを判定します
date:2025-07-25 15:40:15	thread:http-nio-8080-exec-3	X-Track:	level:INFO 	logger:c.c.c.spring.ContextForSpringInJakartaServlet   	message:レスポンスラッパーオブジェクトを取得します
date:2025-07-25 15:40:15	thread:http-nio-8080-exec-3	X-Track:	level:INFO 	logger:c.c.c.spring.strategy.auth.DatabaseAuthStrategy 	message:Auth_Token not found in cookie. Redirecting to login page.
date:2025-07-25 15:40:15	thread:http-nio-8080-exec-6	X-Track:	level:INFO 	logger:c.c.c.spring.ContextForSpringInJakartaServlet   	message:このコンテキストが有効かどうかを判定します
date:2025-07-25 15:40:15	thread:http-nio-8080-exec-6	X-Track:	level:INFO 	logger:c.c.c.spring.ContextForSpringInJakartaServlet   	message:リクエストラッパーオブジェクトを取得します
date:2025-07-25 15:40:15	thread:http-nio-8080-exec-6	X-Track:	level:INFO 	logger:c.c.c.spring.ContextForSpringInJakartaServlet   	message:このコンテキストが有効かどうかを判定します
date:2025-07-25 15:40:15	thread:http-nio-8080-exec-6	X-Track:	level:INFO 	logger:c.c.c.spring.ContextForSpringInJakartaServlet   	message:レスポンスラッパーオブジェクトを取得します
date:2025-07-25 15:40:15	thread:http-nio-8080-exec-6	X-Track:	level:INFO 	logger:c.c.c.spring.strategy.auth.DatabaseAuthStrategy 	message:Auth_Token not found in cookie. Redirecting to login page.
date:2025-07-25 15:40:15	thread:http-nio-8080-exec-4	X-Track:	level:INFO 	logger:c.c.c.spring.ContextForSpringInJakartaServlet   	message:このコンテキストが有効かどうかを判定します
date:2025-07-25 15:40:15	thread:http-nio-8080-exec-4	X-Track:	level:INFO 	logger:c.c.c.spring.ContextForSpringInJakartaServlet   	message:リクエストラッパーオブジェクトを取得します
date:2025-07-25 15:40:15	thread:http-nio-8080-exec-4	X-Track:	level:INFO 	logger:c.c.c.spring.ContextForSpringInJakartaServlet   	message:このコンテキストが有効かどうかを判定します
date:2025-07-25 15:40:15	thread:http-nio-8080-exec-4	X-Track:	level:INFO 	logger:c.c.c.spring.ContextForSpringInJakartaServlet   	message:レスポンスラッパーオブジェクトを取得します
date:2025-07-25 15:40:15	thread:http-nio-8080-exec-4	X-Track:	level:INFO 	logger:c.c.c.spring.strategy.auth.DatabaseAuthStrategy 	message:Auth_Token not found in cookie. Redirecting to login page.
date:2025-07-25 15:40:15	thread:http-nio-8080-exec-5	X-Track:	level:INFO 	logger:c.c.c.spring.ContextForSpringInJakartaServlet   	message:このコンテキストが有効かどうかを判定します
date:2025-07-25 15:40:15	thread:http-nio-8080-exec-5	X-Track:	level:INFO 	logger:c.c.c.spring.ContextForSpringInJakartaServlet   	message:リクエストラッパーオブジェクトを取得します
date:2025-07-25 15:40:15	thread:http-nio-8080-exec-5	X-Track:	level:INFO 	logger:c.c.c.spring.ContextForSpringInJakartaServlet   	message:このコンテキストが有効かどうかを判定します
date:2025-07-25 15:40:15	thread:http-nio-8080-exec-5	X-Track:	level:INFO 	logger:c.c.c.spring.ContextForSpringInJakartaServlet   	message:レスポンスラッパーオブジェクトを取得します
date:2025-07-25 15:40:15	thread:http-nio-8080-exec-5	X-Track:	level:INFO 	logger:c.c.c.spring.strategy.auth.DatabaseAuthStrategy 	message:Auth_Token not found in cookie. Redirecting to login page.
date:2025-07-25 15:40:15	thread:http-nio-8080-exec-7	X-Track:	level:INFO 	logger:c.c.c.spring.ContextForSpringInJakartaServlet   	message:このコンテキストが有効かどうかを判定します
date:2025-07-25 15:40:15	thread:http-nio-8080-exec-7	X-Track:	level:INFO 	logger:c.c.c.spring.ContextForSpringInJakartaServlet   	message:リクエストラッパーオブジェクトを取得します
date:2025-07-25 15:40:15	thread:http-nio-8080-exec-7	X-Track:	level:INFO 	logger:c.c.c.spring.ContextForSpringInJakartaServlet   	message:このコンテキストが有効かどうかを判定します
date:2025-07-25 15:40:15	thread:http-nio-8080-exec-7	X-Track:	level:INFO 	logger:c.c.c.spring.ContextForSpringInJakartaServlet   	message:レスポンスラッパーオブジェクトを取得します
date:2025-07-25 15:40:15	thread:http-nio-8080-exec-7	X-Track:	level:INFO 	logger:c.c.c.spring.strategy.auth.DatabaseAuthStrategy 	message:Auth_Token not found in cookie. Redirecting to login page.
date:2025-07-25 15:40:15	thread:http-nio-8080-exec-8	X-Track:	level:INFO 	logger:c.c.c.spring.ContextForSpringInJakartaServlet   	message:このコンテキストが有効かどうかを判定します
date:2025-07-25 15:40:15	thread:http-nio-8080-exec-8	X-Track:	level:INFO 	logger:c.c.c.spring.ContextForSpringInJakartaServlet   	message:リクエストラッパーオブジェクトを取得します
date:2025-07-25 15:40:15	thread:http-nio-8080-exec-8	X-Track:	level:INFO 	logger:c.c.c.spring.ContextForSpringInJakartaServlet   	message:このコンテキストが有効かどうかを判定します
date:2025-07-25 15:40:15	thread:http-nio-8080-exec-8	X-Track:	level:INFO 	logger:c.c.c.spring.ContextForSpringInJakartaServlet   	message:レスポンスラッパーオブジェクトを取得します
date:2025-07-25 15:40:15	thread:http-nio-8080-exec-8	X-Track:	level:INFO 	logger:c.c.c.spring.strategy.auth.DatabaseAuthStrategy 	message:Auth_Token not found in cookie. Redirecting to login page.
